[     221ms] [ERROR] The Content Security Policy directive 'upgrade-insecure-requests' is ignored when delivered in a report-only policy. @ https://www.hiberus.com/sectores/banca:0
[     330ms] [ERROR] The Content Security Policy directive 'upgrade-insecure-requests' is ignored when delivered in a report-only policy. @ https://consent.cookiebot.com/uc.js:1
[     331ms] [ERROR] The Content Security Policy directive 'upgrade-insecure-requests' is ignored when delivered in a report-only policy. @ https://consent.cookiebot.com/uc.js:1
[     437ms] [ERROR] Failed to load resource: net::ERR_UNKNOWN_URL_SCHEME @ about:blank:0
[     447ms] [ERROR] The Content Security Policy directive 'upgrade-insecure-requests' is ignored when delivered in a report-only policy. @ https://consent.cookiebot.com/uc.js:1
[     447ms] [ERROR] The Content Security Policy directive 'upgrade-insecure-requests' is ignored when delivered in a report-only policy. @ https://consent.cookiebot.com/uc.js:1
[     862ms] [ERROR] The Content Security Policy directive 'upgrade-insecure-requests' is ignored when delivered in a report-only policy. @ https://www.gstatic.com/recaptcha/releases/qm3PSRIx10pekcnS9DjGnjPW/recaptcha__es.js:288
[     870ms] [ERROR] Framing 'https://www.google.com/' violates the following report-only Content Security Policy directive: "frame-src 'self' https://consent.cookiebot.com https://consentcdn.cookiebot.com https://www.googletagmanager.com https://td.doubleclick.net". The violation has been logged, but no further action has been taken.
 @ https://www.gstatic.com/:0
[     949ms] [ERROR] Framing 'https://www.google.com/' violates the following report-only Content Security Policy directive: "frame-src 'self' https://consent.cookiebot.com https://consentcdn.cookiebot.com https://www.googletagmanager.com https://td.doubleclick.net". The violation has been logged, but no further action has been taken.
 @ https://www.gstatic.com/:0
[     956ms] [ERROR] The Content Security Policy directive 'upgrade-insecure-requests' is ignored when delivered in a report-only policy. @ https://script.hotjar.com/modules.6a0f3932cb1341a35c18.js:3
[     957ms] [ERROR] The Content Security Policy directive 'upgrade-insecure-requests' is ignored when delivered in a report-only policy. @ https://script.hotjar.com/modules.6a0f3932cb1341a35c18.js:3
[    1023ms] [ERROR] The Content Security Policy directive 'upgrade-insecure-requests' is ignored when delivered in a report-only policy. @ https://www.gstatic.com/recaptcha/releases/qm3PSRIx10pekcnS9DjGnjPW/recaptcha__es.js:575
[    1024ms] [ERROR] The Content Security Policy directive 'upgrade-insecure-requests' is ignored when delivered in a report-only policy. @ https://www.gstatic.com/recaptcha/releases/qm3PSRIx10pekcnS9DjGnjPW/recaptcha__es.js:575
[    1462ms] [ERROR] The Content Security Policy directive 'upgrade-insecure-requests' is ignored when delivered in a report-only policy. @ https://www.gstatic.com/recaptcha/releases/qm3PSRIx10pekcnS9DjGnjPW/recaptcha__es.js:665
[    1462ms] [ERROR] The Content Security Policy directive 'upgrade-insecure-requests' is ignored when delivered in a report-only policy. @ https://www.gstatic.com/recaptcha/releases/qm3PSRIx10pekcnS9DjGnjPW/recaptcha__es.js:665
[ 3601441ms] [ERROR] The Content Security Policy directive 'upgrade-insecure-requests' is ignored when delivered in a report-only policy. @ https://www.gstatic.com/recaptcha/releases/qm3PSRIx10pekcnS9DjGnjPW/recaptcha__es.js:288
[ 3601450ms] [ERROR] The Content Security Policy directive 'upgrade-insecure-requests' is ignored when delivered in a report-only policy. @ https://www.gstatic.com/recaptcha/releases/qm3PSRIx10pekcnS9DjGnjPW/recaptcha__es.js:575
[ 3601451ms] [ERROR] The Content Security Policy directive 'upgrade-insecure-requests' is ignored when delivered in a report-only policy. @ https://www.gstatic.com/recaptcha/releases/qm3PSRIx10pekcnS9DjGnjPW/recaptcha__es.js:575
[ 3601471ms] [ERROR] Framing 'https://www.google.com/' violates the following report-only Content Security Policy directive: "frame-src 'self' https://consent.cookiebot.com https://consentcdn.cookiebot.com https://www.googletagmanager.com https://td.doubleclick.net". The violation has been logged, but no further action has been taken.
 @ https://www.gstatic.com/:0
[ 3601510ms] [ERROR] Framing 'https://www.google.com/' violates the following report-only Content Security Policy directive: "frame-src 'self' https://consent.cookiebot.com https://consentcdn.cookiebot.com https://www.googletagmanager.com https://td.doubleclick.net". The violation has been logged, but no further action has been taken.
 @ https://www.gstatic.com/:0
[ 3602024ms] [ERROR] The Content Security Policy directive 'upgrade-insecure-requests' is ignored when delivered in a report-only policy. @ https://www.gstatic.com/recaptcha/releases/qm3PSRIx10pekcnS9DjGnjPW/recaptcha__es.js:665
[ 3602024ms] [ERROR] The Content Security Policy directive 'upgrade-insecure-requests' is ignored when delivered in a report-only policy. @ https://www.gstatic.com/recaptcha/releases/qm3PSRIx10pekcnS9DjGnjPW/recaptcha__es.js:665
[ 7202022ms] [ERROR] The Content Security Policy directive 'upgrade-insecure-requests' is ignored when delivered in a report-only policy. @ https://www.gstatic.com/recaptcha/releases/qm3PSRIx10pekcnS9DjGnjPW/recaptcha__es.js:288
[ 7202031ms] [ERROR] The Content Security Policy directive 'upgrade-insecure-requests' is ignored when delivered in a report-only policy. @ https://www.gstatic.com/recaptcha/releases/qm3PSRIx10pekcnS9DjGnjPW/recaptcha__es.js:575
[ 7202032ms] [ERROR] The Content Security Policy directive 'upgrade-insecure-requests' is ignored when delivered in a report-only policy. @ https://www.gstatic.com/recaptcha/releases/qm3PSRIx10pekcnS9DjGnjPW/recaptcha__es.js:575
[ 7202043ms] [ERROR] Framing 'https://www.google.com/' violates the following report-only Content Security Policy directive: "frame-src 'self' https://consent.cookiebot.com https://consentcdn.cookiebot.com https://www.googletagmanager.com https://td.doubleclick.net". The violation has been logged, but no further action has been taken.
 @ https://www.gstatic.com/:0
[ 7202115ms] [ERROR] Framing 'https://www.google.com/' violates the following report-only Content Security Policy directive: "frame-src 'self' https://consent.cookiebot.com https://consentcdn.cookiebot.com https://www.googletagmanager.com https://td.doubleclick.net". The violation has been logged, but no further action has been taken.
 @ https://www.gstatic.com/:0
[ 7202504ms] [ERROR] The Content Security Policy directive 'upgrade-insecure-requests' is ignored when delivered in a report-only policy. @ https://www.gstatic.com/recaptcha/releases/qm3PSRIx10pekcnS9DjGnjPW/recaptcha__es.js:665
[ 7202504ms] [ERROR] The Content Security Policy directive 'upgrade-insecure-requests' is ignored when delivered in a report-only policy. @ https://www.gstatic.com/recaptcha/releases/qm3PSRIx10pekcnS9DjGnjPW/recaptcha__es.js:665
[10802519ms] [ERROR] The Content Security Policy directive 'upgrade-insecure-requests' is ignored when delivered in a report-only policy. @ https://www.gstatic.com/recaptcha/releases/qm3PSRIx10pekcnS9DjGnjPW/recaptcha__es.js:288
[10802525ms] [ERROR] The Content Security Policy directive 'upgrade-insecure-requests' is ignored when delivered in a report-only policy. @ https://www.gstatic.com/recaptcha/releases/qm3PSRIx10pekcnS9DjGnjPW/recaptcha__es.js:575
[10802526ms] [ERROR] The Content Security Policy directive 'upgrade-insecure-requests' is ignored when delivered in a report-only policy. @ https://www.gstatic.com/recaptcha/releases/qm3PSRIx10pekcnS9DjGnjPW/recaptcha__es.js:575
[10802542ms] [ERROR] Framing 'https://www.google.com/' violates the following report-only Content Security Policy directive: "frame-src 'self' https://consent.cookiebot.com https://consentcdn.cookiebot.com https://www.googletagmanager.com https://td.doubleclick.net". The violation has been logged, but no further action has been taken.
 @ https://www.gstatic.com/:0
[10802585ms] [ERROR] Framing 'https://www.google.com/' violates the following report-only Content Security Policy directive: "frame-src 'self' https://consent.cookiebot.com https://consentcdn.cookiebot.com https://www.googletagmanager.com https://td.doubleclick.net". The violation has been logged, but no further action has been taken.
 @ https://www.gstatic.com/:0
[10803122ms] [ERROR] The Content Security Policy directive 'upgrade-insecure-requests' is ignored when delivered in a report-only policy. @ https://www.gstatic.com/recaptcha/releases/qm3PSRIx10pekcnS9DjGnjPW/recaptcha__es.js:665
[10803123ms] [ERROR] The Content Security Policy directive 'upgrade-insecure-requests' is ignored when delivered in a report-only policy. @ https://www.gstatic.com/recaptcha/releases/qm3PSRIx10pekcnS9DjGnjPW/recaptcha__es.js:665
[14403131ms] [ERROR] The Content Security Policy directive 'upgrade-insecure-requests' is ignored when delivered in a report-only policy. @ https://www.gstatic.com/recaptcha/releases/qm3PSRIx10pekcnS9DjGnjPW/recaptcha__es.js:288
[14403139ms] [ERROR] The Content Security Policy directive 'upgrade-insecure-requests' is ignored when delivered in a report-only policy. @ https://www.gstatic.com/recaptcha/releases/qm3PSRIx10pekcnS9DjGnjPW/recaptcha__es.js:575
[14403139ms] [ERROR] The Content Security Policy directive 'upgrade-insecure-requests' is ignored when delivered in a report-only policy. @ https://www.gstatic.com/recaptcha/releases/qm3PSRIx10pekcnS9DjGnjPW/recaptcha__es.js:575
[14403148ms] [ERROR] Framing 'https://www.google.com/' violates the following report-only Content Security Policy directive: "frame-src 'self' https://consent.cookiebot.com https://consentcdn.cookiebot.com https://www.googletagmanager.com https://td.doubleclick.net". The violation has been logged, but no further action has been taken.
 @ https://www.gstatic.com/:0
[14403198ms] [ERROR] Framing 'https://www.google.com/' violates the following report-only Content Security Policy directive: "frame-src 'self' https://consent.cookiebot.com https://consentcdn.cookiebot.com https://www.googletagmanager.com https://td.doubleclick.net". The violation has been logged, but no further action has been taken.
 @ https://www.gstatic.com/:0
[14403583ms] [ERROR] The Content Security Policy directive 'upgrade-insecure-requests' is ignored when delivered in a report-only policy. @ https://www.gstatic.com/recaptcha/releases/qm3PSRIx10pekcnS9DjGnjPW/recaptcha__es.js:665
[14403584ms] [ERROR] The Content Security Policy directive 'upgrade-insecure-requests' is ignored when delivered in a report-only policy. @ https://www.gstatic.com/recaptcha/releases/qm3PSRIx10pekcnS9DjGnjPW/recaptcha__es.js:665
[18003584ms] [ERROR] The Content Security Policy directive 'upgrade-insecure-requests' is ignored when delivered in a report-only policy. @ https://www.gstatic.com/recaptcha/releases/qm3PSRIx10pekcnS9DjGnjPW/recaptcha__es.js:288
[18003590ms] [ERROR] The Content Security Policy directive 'upgrade-insecure-requests' is ignored when delivered in a report-only policy. @ https://www.gstatic.com/recaptcha/releases/qm3PSRIx10pekcnS9DjGnjPW/recaptcha__es.js:575
[18003591ms] [ERROR] The Content Security Policy directive 'upgrade-insecure-requests' is ignored when delivered in a report-only policy. @ https://www.gstatic.com/recaptcha/releases/qm3PSRIx10pekcnS9DjGnjPW/recaptcha__es.js:575
[18003600ms] [ERROR] Framing 'https://www.google.com/' violates the following report-only Content Security Policy directive: "frame-src 'self' https://consent.cookiebot.com https://consentcdn.cookiebot.com https://www.googletagmanager.com https://td.doubleclick.net". The violation has been logged, but no further action has been taken.
 @ https://www.gstatic.com/:0
[18003662ms] [ERROR] Framing 'https://www.google.com/' violates the following report-only Content Security Policy directive: "frame-src 'self' https://consent.cookiebot.com https://consentcdn.cookiebot.com https://www.googletagmanager.com https://td.doubleclick.net". The violation has been logged, but no further action has been taken.
 @ https://www.gstatic.com/:0
[18004128ms] [ERROR] The Content Security Policy directive 'upgrade-insecure-requests' is ignored when delivered in a report-only policy. @ https://www.gstatic.com/recaptcha/releases/qm3PSRIx10pekcnS9DjGnjPW/recaptcha__es.js:665
[18004129ms] [ERROR] The Content Security Policy directive 'upgrade-insecure-requests' is ignored when delivered in a report-only policy. @ https://www.gstatic.com/recaptcha/releases/qm3PSRIx10pekcnS9DjGnjPW/recaptcha__es.js:665
[21604158ms] [ERROR] The Content Security Policy directive 'upgrade-insecure-requests' is ignored when delivered in a report-only policy. @ https://www.gstatic.com/recaptcha/releases/qm3PSRIx10pekcnS9DjGnjPW/recaptcha__es.js:288
[21604166ms] [ERROR] The Content Security Policy directive 'upgrade-insecure-requests' is ignored when delivered in a report-only policy. @ https://www.gstatic.com/recaptcha/releases/qm3PSRIx10pekcnS9DjGnjPW/recaptcha__es.js:575
[21604167ms] [ERROR] The Content Security Policy directive 'upgrade-insecure-requests' is ignored when delivered in a report-only policy. @ https://www.gstatic.com/recaptcha/releases/qm3PSRIx10pekcnS9DjGnjPW/recaptcha__es.js:575
[21604190ms] [ERROR] Framing 'https://www.google.com/' violates the following report-only Content Security Policy directive: "frame-src 'self' https://consent.cookiebot.com https://consentcdn.cookiebot.com https://www.googletagmanager.com https://td.doubleclick.net". The violation has been logged, but no further action has been taken.
 @ https://www.gstatic.com/:0
[21604254ms] [ERROR] Framing 'https://www.google.com/' violates the following report-only Content Security Policy directive: "frame-src 'self' https://consent.cookiebot.com https://consentcdn.cookiebot.com https://www.googletagmanager.com https://td.doubleclick.net". The violation has been logged, but no further action has been taken.
 @ https://www.gstatic.com/:0
[21604730ms] [ERROR] The Content Security Policy directive 'upgrade-insecure-requests' is ignored when delivered in a report-only policy. @ https://www.gstatic.com/recaptcha/releases/qm3PSRIx10pekcnS9DjGnjPW/recaptcha__es.js:665
[21604731ms] [ERROR] The Content Security Policy directive 'upgrade-insecure-requests' is ignored when delivered in a report-only policy. @ https://www.gstatic.com/recaptcha/releases/qm3PSRIx10pekcnS9DjGnjPW/recaptcha__es.js:665
[25204727ms] [ERROR] The Content Security Policy directive 'upgrade-insecure-requests' is ignored when delivered in a report-only policy. @ https://www.gstatic.com/recaptcha/releases/qm3PSRIx10pekcnS9DjGnjPW/recaptcha__es.js:288
[25204731ms] [ERROR] The Content Security Policy directive 'upgrade-insecure-requests' is ignored when delivered in a report-only policy. @ https://www.gstatic.com/recaptcha/releases/qm3PSRIx10pekcnS9DjGnjPW/recaptcha__es.js:575
[25204732ms] [ERROR] The Content Security Policy directive 'upgrade-insecure-requests' is ignored when delivered in a report-only policy. @ https://www.gstatic.com/recaptcha/releases/qm3PSRIx10pekcnS9DjGnjPW/recaptcha__es.js:575
[25204741ms] [ERROR] Framing 'https://www.google.com/' violates the following report-only Content Security Policy directive: "frame-src 'self' https://consent.cookiebot.com https://consentcdn.cookiebot.com https://www.googletagmanager.com https://td.doubleclick.net". The violation has been logged, but no further action has been taken.
 @ https://www.gstatic.com/:0
[25204789ms] [ERROR] Framing 'https://www.google.com/' violates the following report-only Content Security Policy directive: "frame-src 'self' https://consent.cookiebot.com https://consentcdn.cookiebot.com https://www.googletagmanager.com https://td.doubleclick.net". The violation has been logged, but no further action has been taken.
 @ https://www.gstatic.com/:0
[25205201ms] [ERROR] The Content Security Policy directive 'upgrade-insecure-requests' is ignored when delivered in a report-only policy. @ https://www.gstatic.com/recaptcha/releases/qm3PSRIx10pekcnS9DjGnjPW/recaptcha__es.js:665
[25205202ms] [ERROR] The Content Security Policy directive 'upgrade-insecure-requests' is ignored when delivered in a report-only policy. @ https://www.gstatic.com/recaptcha/releases/qm3PSRIx10pekcnS9DjGnjPW/recaptcha__es.js:665
[28805213ms] [ERROR] The Content Security Policy directive 'upgrade-insecure-requests' is ignored when delivered in a report-only policy. @ https://www.gstatic.com/recaptcha/releases/qm3PSRIx10pekcnS9DjGnjPW/recaptcha__es.js:288
[28805217ms] [ERROR] The Content Security Policy directive 'upgrade-insecure-requests' is ignored when delivered in a report-only policy. @ https://www.gstatic.com/recaptcha/releases/qm3PSRIx10pekcnS9DjGnjPW/recaptcha__es.js:575
[28805218ms] [ERROR] The Content Security Policy directive 'upgrade-insecure-requests' is ignored when delivered in a report-only policy. @ https://www.gstatic.com/recaptcha/releases/qm3PSRIx10pekcnS9DjGnjPW/recaptcha__es.js:575
[28805229ms] [ERROR] Framing 'https://www.google.com/' violates the following report-only Content Security Policy directive: "frame-src 'self' https://consent.cookiebot.com https://consentcdn.cookiebot.com https://www.googletagmanager.com https://td.doubleclick.net". The violation has been logged, but no further action has been taken.
 @ https://www.gstatic.com/:0
[28805277ms] [ERROR] Framing 'https://www.google.com/' violates the following report-only Content Security Policy directive: "frame-src 'self' https://consent.cookiebot.com https://consentcdn.cookiebot.com https://www.googletagmanager.com https://td.doubleclick.net". The violation has been logged, but no further action has been taken.
 @ https://www.gstatic.com/:0
[28805714ms] [ERROR] The Content Security Policy directive 'upgrade-insecure-requests' is ignored when delivered in a report-only policy. @ https://www.gstatic.com/recaptcha/releases/qm3PSRIx10pekcnS9DjGnjPW/recaptcha__es.js:665
[28805715ms] [ERROR] The Content Security Policy directive 'upgrade-insecure-requests' is ignored when delivered in a report-only policy. @ https://www.gstatic.com/recaptcha/releases/qm3PSRIx10pekcnS9DjGnjPW/recaptcha__es.js:665
[32405755ms] [ERROR] The Content Security Policy directive 'upgrade-insecure-requests' is ignored when delivered in a report-only policy. @ https://www.gstatic.com/recaptcha/releases/qm3PSRIx10pekcnS9DjGnjPW/recaptcha__es.js:288
[32405763ms] [ERROR] The Content Security Policy directive 'upgrade-insecure-requests' is ignored when delivered in a report-only policy. @ https://www.gstatic.com/recaptcha/releases/qm3PSRIx10pekcnS9DjGnjPW/recaptcha__es.js:575
[32405764ms] [ERROR] The Content Security Policy directive 'upgrade-insecure-requests' is ignored when delivered in a report-only policy. @ https://www.gstatic.com/recaptcha/releases/qm3PSRIx10pekcnS9DjGnjPW/recaptcha__es.js:575
[32405780ms] [ERROR] Framing 'https://www.google.com/' violates the following report-only Content Security Policy directive: "frame-src 'self' https://consent.cookiebot.com https://consentcdn.cookiebot.com https://www.googletagmanager.com https://td.doubleclick.net". The violation has been logged, but no further action has been taken.
 @ https://www.gstatic.com/:0
[32405940ms] [ERROR] Framing 'https://www.google.com/' violates the following report-only Content Security Policy directive: "frame-src 'self' https://consent.cookiebot.com https://consentcdn.cookiebot.com https://www.googletagmanager.com https://td.doubleclick.net". The violation has been logged, but no further action has been taken.
 @ https://www.gstatic.com/:0
[32406819ms] [ERROR] The Content Security Policy directive 'upgrade-insecure-requests' is ignored when delivered in a report-only policy. @ https://www.gstatic.com/recaptcha/releases/qm3PSRIx10pekcnS9DjGnjPW/recaptcha__es.js:665
[32406821ms] [ERROR] The Content Security Policy directive 'upgrade-insecure-requests' is ignored when delivered in a report-only policy. @ https://www.gstatic.com/recaptcha/releases/qm3PSRIx10pekcnS9DjGnjPW/recaptcha__es.js:665
[36006817ms] [ERROR] The Content Security Policy directive 'upgrade-insecure-requests' is ignored when delivered in a report-only policy. @ https://www.gstatic.com/recaptcha/releases/qm3PSRIx10pekcnS9DjGnjPW/recaptcha__es.js:288
[36006824ms] [ERROR] The Content Security Policy directive 'upgrade-insecure-requests' is ignored when delivered in a report-only policy. @ https://www.gstatic.com/recaptcha/releases/qm3PSRIx10pekcnS9DjGnjPW/recaptcha__es.js:575
[36006825ms] [ERROR] The Content Security Policy directive 'upgrade-insecure-requests' is ignored when delivered in a report-only policy. @ https://www.gstatic.com/recaptcha/releases/qm3PSRIx10pekcnS9DjGnjPW/recaptcha__es.js:575
[36006837ms] [ERROR] Framing 'https://www.google.com/' violates the following report-only Content Security Policy directive: "frame-src 'self' https://consent.cookiebot.com https://consentcdn.cookiebot.com https://www.googletagmanager.com https://td.doubleclick.net". The violation has been logged, but no further action has been taken.
 @ https://www.gstatic.com/:0
[36008143ms] [ERROR] Framing 'https://www.google.com/' violates the following report-only Content Security Policy directive: "frame-src 'self' https://consent.cookiebot.com https://consentcdn.cookiebot.com https://www.googletagmanager.com https://td.doubleclick.net". The violation has been logged, but no further action has been taken.
 @ https://www.gstatic.com/:0
[36009036ms] [ERROR] The Content Security Policy directive 'upgrade-insecure-requests' is ignored when delivered in a report-only policy. @ https://www.gstatic.com/recaptcha/releases/qm3PSRIx10pekcnS9DjGnjPW/recaptcha__es.js:665
[36009038ms] [ERROR] The Content Security Policy directive 'upgrade-insecure-requests' is ignored when delivered in a report-only policy. @ https://www.gstatic.com/recaptcha/releases/qm3PSRIx10pekcnS9DjGnjPW/recaptcha__es.js:665
[39609036ms] [ERROR] The Content Security Policy directive 'upgrade-insecure-requests' is ignored when delivered in a report-only policy. @ https://www.gstatic.com/recaptcha/releases/qm3PSRIx10pekcnS9DjGnjPW/recaptcha__es.js:288
[39609044ms] [ERROR] The Content Security Policy directive 'upgrade-insecure-requests' is ignored when delivered in a report-only policy. @ https://www.gstatic.com/recaptcha/releases/qm3PSRIx10pekcnS9DjGnjPW/recaptcha__es.js:575
[39609045ms] [ERROR] The Content Security Policy directive 'upgrade-insecure-requests' is ignored when delivered in a report-only policy. @ https://www.gstatic.com/recaptcha/releases/qm3PSRIx10pekcnS9DjGnjPW/recaptcha__es.js:575
[39609058ms] [ERROR] Framing 'https://www.google.com/' violates the following report-only Content Security Policy directive: "frame-src 'self' https://consent.cookiebot.com https://consentcdn.cookiebot.com https://www.googletagmanager.com https://td.doubleclick.net". The violation has been logged, but no further action has been taken.
 @ https://www.gstatic.com/:0
[39609101ms] [ERROR] Framing 'https://www.google.com/' violates the following report-only Content Security Policy directive: "frame-src 'self' https://consent.cookiebot.com https://consentcdn.cookiebot.com https://www.googletagmanager.com https://td.doubleclick.net". The violation has been logged, but no further action has been taken.
 @ https://www.gstatic.com/:0
[39609101ms] [ERROR] Framing 'https://www.google.com/' violates the following report-only Content Security Policy directive: "frame-ancestors 'self'". The violation has been logged, but no further action has been taken.
 @ :0
[39609976ms] [ERROR] The Content Security Policy directive 'upgrade-insecure-requests' is ignored when delivered in a report-only policy. @ https://www.gstatic.com/recaptcha/releases/qm3PSRIx10pekcnS9DjGnjPW/recaptcha__es.js:665
[39609979ms] [ERROR] The Content Security Policy directive 'upgrade-insecure-requests' is ignored when delivered in a report-only policy. @ https://www.gstatic.com/recaptcha/releases/qm3PSRIx10pekcnS9DjGnjPW/recaptcha__es.js:665
[43209972ms] [ERROR] The Content Security Policy directive 'upgrade-insecure-requests' is ignored when delivered in a report-only policy. @ https://www.gstatic.com/recaptcha/releases/qm3PSRIx10pekcnS9DjGnjPW/recaptcha__es.js:288
[43209988ms] [ERROR] The Content Security Policy directive 'upgrade-insecure-requests' is ignored when delivered in a report-only policy. @ https://www.gstatic.com/recaptcha/releases/qm3PSRIx10pekcnS9DjGnjPW/recaptcha__es.js:575
[43209989ms] [ERROR] The Content Security Policy directive 'upgrade-insecure-requests' is ignored when delivered in a report-only policy. @ https://www.gstatic.com/recaptcha/releases/qm3PSRIx10pekcnS9DjGnjPW/recaptcha__es.js:575
[43210010ms] [ERROR] Framing 'https://www.google.com/' violates the following report-only Content Security Policy directive: "frame-src 'self' https://consent.cookiebot.com https://consentcdn.cookiebot.com https://www.googletagmanager.com https://td.doubleclick.net". The violation has been logged, but no further action has been taken.
 @ https://www.gstatic.com/:0
[43210068ms] [ERROR] Framing 'https://www.google.com/' violates the following report-only Content Security Policy directive: "frame-src 'self' https://consent.cookiebot.com https://consentcdn.cookiebot.com https://www.googletagmanager.com https://td.doubleclick.net". The violation has been logged, but no further action has been taken.
 @ https://www.gstatic.com/:0
[43211007ms] [ERROR] The Content Security Policy directive 'upgrade-insecure-requests' is ignored when delivered in a report-only policy. @ https://www.gstatic.com/recaptcha/releases/qm3PSRIx10pekcnS9DjGnjPW/recaptcha__es.js:665
[43211008ms] [ERROR] The Content Security Policy directive 'upgrade-insecure-requests' is ignored when delivered in a report-only policy. @ https://www.gstatic.com/recaptcha/releases/qm3PSRIx10pekcnS9DjGnjPW/recaptcha__es.js:665
[46811008ms] [ERROR] The Content Security Policy directive 'upgrade-insecure-requests' is ignored when delivered in a report-only policy. @ https://www.gstatic.com/recaptcha/releases/qm3PSRIx10pekcnS9DjGnjPW/recaptcha__es.js:288
[46811017ms] [ERROR] The Content Security Policy directive 'upgrade-insecure-requests' is ignored when delivered in a report-only policy. @ https://www.gstatic.com/recaptcha/releases/qm3PSRIx10pekcnS9DjGnjPW/recaptcha__es.js:575
[46811019ms] [ERROR] The Content Security Policy directive 'upgrade-insecure-requests' is ignored when delivered in a report-only policy. @ https://www.gstatic.com/recaptcha/releases/qm3PSRIx10pekcnS9DjGnjPW/recaptcha__es.js:575
[46811033ms] [ERROR] Framing 'https://www.google.com/' violates the following report-only Content Security Policy directive: "frame-src 'self' https://consent.cookiebot.com https://consentcdn.cookiebot.com https://www.googletagmanager.com https://td.doubleclick.net". The violation has been logged, but no further action has been taken.
 @ https://www.gstatic.com/:0
[46811075ms] [ERROR] Framing 'https://www.google.com/' violates the following report-only Content Security Policy directive: "frame-src 'self' https://consent.cookiebot.com https://consentcdn.cookiebot.com https://www.googletagmanager.com https://td.doubleclick.net". The violation has been logged, but no further action has been taken.
 @ https://www.gstatic.com/:0
[46811954ms] [ERROR] The Content Security Policy directive 'upgrade-insecure-requests' is ignored when delivered in a report-only policy. @ https://www.gstatic.com/recaptcha/releases/qm3PSRIx10pekcnS9DjGnjPW/recaptcha__es.js:665
[46811955ms] [ERROR] The Content Security Policy directive 'upgrade-insecure-requests' is ignored when delivered in a report-only policy. @ https://www.gstatic.com/recaptcha/releases/qm3PSRIx10pekcnS9DjGnjPW/recaptcha__es.js:665
[50411957ms] [ERROR] The Content Security Policy directive 'upgrade-insecure-requests' is ignored when delivered in a report-only policy. @ https://www.gstatic.com/recaptcha/releases/qm3PSRIx10pekcnS9DjGnjPW/recaptcha__es.js:288
[50411972ms] [ERROR] The Content Security Policy directive 'upgrade-insecure-requests' is ignored when delivered in a report-only policy. @ https://www.gstatic.com/recaptcha/releases/qm3PSRIx10pekcnS9DjGnjPW/recaptcha__es.js:575
[50411974ms] [ERROR] The Content Security Policy directive 'upgrade-insecure-requests' is ignored when delivered in a report-only policy. @ https://www.gstatic.com/recaptcha/releases/qm3PSRIx10pekcnS9DjGnjPW/recaptcha__es.js:575
[50411987ms] [ERROR] Framing 'https://www.google.com/' violates the following report-only Content Security Policy directive: "frame-src 'self' https://consent.cookiebot.com https://consentcdn.cookiebot.com https://www.googletagmanager.com https://td.doubleclick.net". The violation has been logged, but no further action has been taken.
 @ https://www.gstatic.com/:0
[50412086ms] [ERROR] Framing 'https://www.google.com/' violates the following report-only Content Security Policy directive: "frame-src 'self' https://consent.cookiebot.com https://consentcdn.cookiebot.com https://www.googletagmanager.com https://td.doubleclick.net". The violation has been logged, but no further action has been taken.
 @ https://www.gstatic.com/:0
[50412897ms] [ERROR] The Content Security Policy directive 'upgrade-insecure-requests' is ignored when delivered in a report-only policy. @ https://www.gstatic.com/recaptcha/releases/qm3PSRIx10pekcnS9DjGnjPW/recaptcha__es.js:665
[50412898ms] [ERROR] The Content Security Policy directive 'upgrade-insecure-requests' is ignored when delivered in a report-only policy. @ https://www.gstatic.com/recaptcha/releases/qm3PSRIx10pekcnS9DjGnjPW/recaptcha__es.js:665
